{"/home/filimon/Programming/JsToRegex/JsToRegex.js":{"path":"/home/filimon/Programming/JsToRegex/JsToRegex.js","s":{"1":1,"2":1,"3":1,"4":1,"5":1,"6":37,"7":1,"8":37,"9":37,"10":37,"11":1,"12":1,"13":1,"14":1,"15":1,"16":1,"17":2,"18":2,"19":1,"20":1,"21":1,"22":8,"23":1,"24":93,"25":1,"26":92,"27":90,"28":1,"29":57,"30":1,"31":56,"32":56,"33":1,"34":15,"35":1,"36":14,"37":14,"38":1,"39":9,"40":1,"41":8,"42":8,"43":1,"44":6,"45":1,"46":5,"47":1,"48":1,"49":1,"50":1,"51":1,"52":1,"53":1,"54":1,"55":1,"56":4,"57":1,"58":9,"59":1,"60":8,"61":1,"62":1,"63":1,"64":1,"65":1,"66":1,"67":1,"68":1,"69":1,"70":1,"71":1,"72":1,"73":1,"74":1,"75":1,"76":1,"77":1,"78":1,"79":1,"80":1,"81":7,"82":1,"83":12,"84":1,"85":93,"86":372,"87":2,"88":91,"89":91,"90":1,"91":57,"92":57,"93":1,"94":15,"95":15,"96":14,"97":15,"98":1,"99":9,"100":9,"101":1,"102":1},"b":{"1":[1,1],"2":[1,92],"3":[1,56],"4":[1,14],"5":[1,8],"6":[1,5],"7":[1,1,1,1,1],"8":[1,8],"9":[1,1,1,1,1,1,1,1],"10":[2,91],"11":[372,279],"12":[14,1]},"f":{"1":1,"2":37,"3":37,"4":1,"5":2,"6":8,"7":93,"8":57,"9":15,"10":9,"11":6,"12":9,"13":12,"14":93,"15":372,"16":57,"17":15,"18":9},"fnMap":{"1":{"name":"(anonymous_1)","line":6,"loc":{"start":{"line":6,"column":13},"end":{"line":6,"column":24}}},"2":{"name":"JsToRegex","line":10,"loc":{"start":{"line":10,"column":4},"end":{"line":10,"column":25}}},"3":{"name":"(anonymous_3)","line":15,"loc":{"start":{"line":15,"column":23},"end":{"line":15,"column":44}}},"4":{"name":"(anonymous_4)","line":43,"loc":{"start":{"line":43,"column":34},"end":{"line":43,"column":45}}},"5":{"name":"(anonymous_5)","line":50,"loc":{"start":{"line":50,"column":35},"end":{"line":50,"column":46}}},"6":{"name":"(anonymous_6)","line":61,"loc":{"start":{"line":61,"column":34},"end":{"line":61,"column":45}}},"7":{"name":"(anonymous_7)","line":65,"loc":{"start":{"line":65,"column":37},"end":{"line":65,"column":61}}},"8":{"name":"(anonymous_8)","line":73,"loc":{"start":{"line":73,"column":35},"end":{"line":73,"column":59}}},"9":{"name":"(anonymous_9)","line":81,"loc":{"start":{"line":81,"column":29},"end":{"line":81,"column":53}}},"10":{"name":"(anonymous_10)","line":89,"loc":{"start":{"line":89,"column":32},"end":{"line":89,"column":56}}},"11":{"name":"(anonymous_11)","line":97,"loc":{"start":{"line":97,"column":29},"end":{"line":97,"column":53}}},"12":{"name":"(anonymous_12)","line":111,"loc":{"start":{"line":111,"column":32},"end":{"line":111,"column":48}}},"13":{"name":"(anonymous_13)","line":148,"loc":{"start":{"line":148,"column":40},"end":{"line":148,"column":51}}},"14":{"name":"startsWith","line":152,"loc":{"start":{"line":152,"column":4},"end":{"line":152,"column":45}}},"15":{"name":"(anonymous_15)","line":153,"loc":{"start":{"line":153,"column":58},"end":{"line":153,"column":70}}},"16":{"name":"endsWith","line":165,"loc":{"start":{"line":165,"column":4},"end":{"line":165,"column":43}}},"17":{"name":"is","line":170,"loc":{"start":{"line":170,"column":4},"end":{"line":170,"column":51}}},"18":{"name":"match","line":181,"loc":{"start":{"line":181,"column":4},"end":{"line":181,"column":54}}}},"statementMap":{"1":{"start":{"line":1,"column":0},"end":{"line":2,"column":17}},"2":{"start":{"line":4,"column":0},"end":{"line":4,"column":41}},"3":{"start":{"line":6,"column":0},"end":{"line":190,"column":5}},"4":{"start":{"line":7,"column":4},"end":{"line":8,"column":42}},"5":{"start":{"line":10,"column":4},"end":{"line":12,"column":5}},"6":{"start":{"line":11,"column":8},"end":{"line":11,"column":61}},"7":{"start":{"line":15,"column":4},"end":{"line":32,"column":6}},"8":{"start":{"line":16,"column":8},"end":{"line":16,"column":42}},"9":{"start":{"line":17,"column":8},"end":{"line":30,"column":10}},"10":{"start":{"line":31,"column":8},"end":{"line":31,"column":27}},"11":{"start":{"line":34,"column":4},"end":{"line":34,"column":25}},"12":{"start":{"line":35,"column":4},"end":{"line":39,"column":6}},"13":{"start":{"line":43,"column":4},"end":{"line":48,"column":6}},"14":{"start":{"line":44,"column":8},"end":{"line":46,"column":44}},"15":{"start":{"line":47,"column":8},"end":{"line":47,"column":22}},"16":{"start":{"line":50,"column":4},"end":{"line":59,"column":6}},"17":{"start":{"line":51,"column":8},"end":{"line":53,"column":44}},"18":{"start":{"line":54,"column":8},"end":{"line":58,"column":9}},"19":{"start":{"line":55,"column":12},"end":{"line":55,"column":22}},"20":{"start":{"line":57,"column":12},"end":{"line":57,"column":35}},"21":{"start":{"line":61,"column":4},"end":{"line":63,"column":6}},"22":{"start":{"line":62,"column":8},"end":{"line":62,"column":63}},"23":{"start":{"line":65,"column":4},"end":{"line":71,"column":6}},"24":{"start":{"line":66,"column":8},"end":{"line":68,"column":9}},"25":{"start":{"line":67,"column":12},"end":{"line":67,"column":52}},"26":{"start":{"line":69,"column":8},"end":{"line":69,"column":45}},"27":{"start":{"line":70,"column":8},"end":{"line":70,"column":20}},"28":{"start":{"line":73,"column":4},"end":{"line":79,"column":6}},"29":{"start":{"line":74,"column":8},"end":{"line":76,"column":9}},"30":{"start":{"line":75,"column":12},"end":{"line":75,"column":52}},"31":{"start":{"line":77,"column":8},"end":{"line":77,"column":43}},"32":{"start":{"line":78,"column":8},"end":{"line":78,"column":20}},"33":{"start":{"line":81,"column":4},"end":{"line":87,"column":6}},"34":{"start":{"line":82,"column":8},"end":{"line":84,"column":9}},"35":{"start":{"line":83,"column":12},"end":{"line":83,"column":52}},"36":{"start":{"line":85,"column":8},"end":{"line":85,"column":44}},"37":{"start":{"line":86,"column":8},"end":{"line":86,"column":20}},"38":{"start":{"line":89,"column":4},"end":{"line":95,"column":6}},"39":{"start":{"line":90,"column":8},"end":{"line":92,"column":9}},"40":{"start":{"line":91,"column":12},"end":{"line":91,"column":52}},"41":{"start":{"line":93,"column":8},"end":{"line":93,"column":47}},"42":{"start":{"line":94,"column":8},"end":{"line":94,"column":20}},"43":{"start":{"line":97,"column":4},"end":{"line":109,"column":6}},"44":{"start":{"line":98,"column":8},"end":{"line":100,"column":9}},"45":{"start":{"line":99,"column":12},"end":{"line":99,"column":52}},"46":{"start":{"line":101,"column":8},"end":{"line":107,"column":9}},"47":{"start":{"line":102,"column":31},"end":{"line":102,"column":68}},"48":{"start":{"line":102,"column":69},"end":{"line":102,"column":75}},"49":{"start":{"line":103,"column":29},"end":{"line":103,"column":64}},"50":{"start":{"line":103,"column":65},"end":{"line":103,"column":71}},"51":{"start":{"line":104,"column":26},"end":{"line":104,"column":64}},"52":{"start":{"line":104,"column":65},"end":{"line":104,"column":71}},"53":{"start":{"line":105,"column":23},"end":{"line":105,"column":58}},"54":{"start":{"line":105,"column":59},"end":{"line":105,"column":65}},"55":{"start":{"line":106,"column":21},"end":{"line":106,"column":94}},"56":{"start":{"line":108,"column":8},"end":{"line":108,"column":20}},"57":{"start":{"line":111,"column":4},"end":{"line":146,"column":6}},"58":{"start":{"line":112,"column":8},"end":{"line":114,"column":9}},"59":{"start":{"line":113,"column":12},"end":{"line":113,"column":44}},"60":{"start":{"line":115,"column":8},"end":{"line":144,"column":9}},"61":{"start":{"line":117,"column":16},"end":{"line":117,"column":53}},"62":{"start":{"line":118,"column":16},"end":{"line":118,"column":22}},"63":{"start":{"line":120,"column":16},"end":{"line":120,"column":57}},"64":{"start":{"line":121,"column":16},"end":{"line":121,"column":22}},"65":{"start":{"line":123,"column":16},"end":{"line":123,"column":53}},"66":{"start":{"line":124,"column":16},"end":{"line":124,"column":57}},"67":{"start":{"line":125,"column":16},"end":{"line":125,"column":22}},"68":{"start":{"line":127,"column":16},"end":{"line":127,"column":56}},"69":{"start":{"line":128,"column":16},"end":{"line":128,"column":22}},"70":{"start":{"line":130,"column":16},"end":{"line":130,"column":53}},"71":{"start":{"line":131,"column":16},"end":{"line":131,"column":56}},"72":{"start":{"line":132,"column":16},"end":{"line":132,"column":22}},"73":{"start":{"line":134,"column":16},"end":{"line":134,"column":57}},"74":{"start":{"line":135,"column":16},"end":{"line":135,"column":56}},"75":{"start":{"line":136,"column":16},"end":{"line":136,"column":22}},"76":{"start":{"line":138,"column":16},"end":{"line":138,"column":53}},"77":{"start":{"line":139,"column":16},"end":{"line":139,"column":57}},"78":{"start":{"line":140,"column":16},"end":{"line":140,"column":56}},"79":{"start":{"line":141,"column":16},"end":{"line":141,"column":22}},"80":{"start":{"line":143,"column":16},"end":{"line":143,"column":54}},"81":{"start":{"line":145,"column":8},"end":{"line":145,"column":20}},"82":{"start":{"line":148,"column":4},"end":{"line":152,"column":4}},"83":{"start":{"line":149,"column":8},"end":{"line":149,"column":46}},"84":{"start":{"line":152,"column":4},"end":{"line":163,"column":5}},"85":{"start":{"line":153,"column":8},"end":{"line":157,"column":9}},"86":{"start":{"line":154,"column":16},"end":{"line":154,"column":81}},"87":{"start":{"line":156,"column":12},"end":{"line":156,"column":101}},"88":{"start":{"line":159,"column":8},"end":{"line":161,"column":11}},"89":{"start":{"line":162,"column":8},"end":{"line":162,"column":54}},"90":{"start":{"line":165,"column":4},"end":{"line":168,"column":5}},"91":{"start":{"line":166,"column":8},"end":{"line":166,"column":63}},"92":{"start":{"line":167,"column":8},"end":{"line":167,"column":52}},"93":{"start":{"line":170,"column":4},"end":{"line":179,"column":5}},"94":{"start":{"line":171,"column":8},"end":{"line":174,"column":11}},"95":{"start":{"line":175,"column":8},"end":{"line":177,"column":9}},"96":{"start":{"line":176,"column":12},"end":{"line":176,"column":45}},"97":{"start":{"line":178,"column":8},"end":{"line":178,"column":46}},"98":{"start":{"line":181,"column":4},"end":{"line":187,"column":5}},"99":{"start":{"line":182,"column":8},"end":{"line":185,"column":11}},"100":{"start":{"line":186,"column":8},"end":{"line":186,"column":49}},"101":{"start":{"line":189,"column":4},"end":{"line":189,"column":21}},"102":{"start":{"line":192,"column":0},"end":{"line":192,"column":27}}},"branchMap":{"1":{"line":54,"type":"if","locations":[{"start":{"line":54,"column":8},"end":{"line":54,"column":8}},{"start":{"line":54,"column":8},"end":{"line":54,"column":8}}]},"2":{"line":66,"type":"if","locations":[{"start":{"line":66,"column":8},"end":{"line":66,"column":8}},{"start":{"line":66,"column":8},"end":{"line":66,"column":8}}]},"3":{"line":74,"type":"if","locations":[{"start":{"line":74,"column":8},"end":{"line":74,"column":8}},{"start":{"line":74,"column":8},"end":{"line":74,"column":8}}]},"4":{"line":82,"type":"if","locations":[{"start":{"line":82,"column":8},"end":{"line":82,"column":8}},{"start":{"line":82,"column":8},"end":{"line":82,"column":8}}]},"5":{"line":90,"type":"if","locations":[{"start":{"line":90,"column":8},"end":{"line":90,"column":8}},{"start":{"line":90,"column":8},"end":{"line":90,"column":8}}]},"6":{"line":98,"type":"if","locations":[{"start":{"line":98,"column":8},"end":{"line":98,"column":8}},{"start":{"line":98,"column":8},"end":{"line":98,"column":8}}]},"7":{"line":101,"type":"switch","locations":[{"start":{"line":102,"column":12},"end":{"line":102,"column":75}},{"start":{"line":103,"column":12},"end":{"line":103,"column":71}},{"start":{"line":104,"column":12},"end":{"line":104,"column":71}},{"start":{"line":105,"column":12},"end":{"line":105,"column":65}},{"start":{"line":106,"column":12},"end":{"line":106,"column":94}}]},"8":{"line":112,"type":"if","locations":[{"start":{"line":112,"column":8},"end":{"line":112,"column":8}},{"start":{"line":112,"column":8},"end":{"line":112,"column":8}}]},"9":{"line":115,"type":"switch","locations":[{"start":{"line":116,"column":12},"end":{"line":118,"column":22}},{"start":{"line":119,"column":12},"end":{"line":121,"column":22}},{"start":{"line":122,"column":12},"end":{"line":125,"column":22}},{"start":{"line":126,"column":12},"end":{"line":128,"column":22}},{"start":{"line":129,"column":12},"end":{"line":132,"column":22}},{"start":{"line":133,"column":12},"end":{"line":136,"column":22}},{"start":{"line":137,"column":12},"end":{"line":141,"column":22}},{"start":{"line":142,"column":12},"end":{"line":143,"column":54}}]},"10":{"line":153,"type":"if","locations":[{"start":{"line":153,"column":8},"end":{"line":153,"column":8}},{"start":{"line":153,"column":8},"end":{"line":153,"column":8}}]},"11":{"line":154,"type":"binary-expr","locations":[{"start":{"line":154,"column":23},"end":{"line":154,"column":41}},{"start":{"line":154,"column":45},"end":{"line":154,"column":80}}]},"12":{"line":175,"type":"if","locations":[{"start":{"line":175,"column":8},"end":{"line":175,"column":8}},{"start":{"line":175,"column":8},"end":{"line":175,"column":8}}]}}},"/home/filimon/Programming/JsToRegex/RegexBuilder.js":{"path":"/home/filimon/Programming/JsToRegex/RegexBuilder.js","s":{"1":1,"2":1,"3":1,"4":1,"5":11,"6":11,"7":11,"8":13,"9":13,"10":11,"11":11,"12":1,"13":11,"14":11,"15":4,"16":11,"17":4,"18":11,"19":4,"20":11,"21":1,"22":15,"23":1,"24":14,"25":1,"26":13,"27":13,"28":11,"29":1,"30":1,"31":2,"32":1,"33":13,"34":1,"35":12,"36":12,"37":12,"38":0,"39":0,"40":1,"41":16,"42":1,"43":15,"44":1,"45":14,"46":1,"47":13,"48":13,"49":5,"50":13,"51":3,"52":10,"53":1,"54":18,"55":1,"56":17,"57":1,"58":16,"59":1,"60":15,"61":15,"62":18,"63":14,"64":15,"65":12,"66":11,"67":1,"68":3,"69":1,"70":19,"71":1,"72":18,"73":1,"74":1},"b":{"1":[4,7],"2":[4,7],"3":[4,7],"4":[11,4],"5":[1,14],"6":[1,13],"7":[11,1,1],"8":[1,12],"9":[12,1],"10":[12,0,0],"11":[1,15],"12":[1,14],"13":[1,13],"14":[3,10],"15":[1,17],"16":[1,16],"17":[1,15],"18":[12,3],"19":[11,1],"20":[1,18]},"f":{"1":1,"2":2,"3":11,"4":11,"5":15,"6":2,"7":13,"8":16,"9":5,"10":18,"11":18,"12":14,"13":19},"fnMap":{"1":{"name":"(anonymous_1)","line":2,"loc":{"start":{"line":2,"column":16},"end":{"line":2,"column":27}}},"2":{"name":"RegexBuilder","line":3,"loc":{"start":{"line":3,"column":4},"end":{"line":3,"column":28}}},"3":{"name":"(anonymous_3)","line":7,"loc":{"start":{"line":7,"column":40},"end":{"line":7,"column":61}}},"4":{"name":"(anonymous_4)","line":23,"loc":{"start":{"line":23,"column":46},"end":{"line":23,"column":70}}},"5":{"name":"(anonymous_5)","line":37,"loc":{"start":{"line":37,"column":51},"end":{"line":37,"column":75}}},"6":{"name":"(anonymous_6)","line":52,"loc":{"start":{"line":52,"column":40},"end":{"line":52,"column":52}}},"7":{"name":"(anonymous_7)","line":58,"loc":{"start":{"line":58,"column":49},"end":{"line":58,"column":73}}},"8":{"name":"(anonymous_8)","line":73,"loc":{"start":{"line":73,"column":46},"end":{"line":73,"column":77}}},"9":{"name":"(anonymous_9)","line":85,"loc":{"start":{"line":85,"column":62},"end":{"line":85,"column":74}}},"10":{"name":"(anonymous_10)","line":96,"loc":{"start":{"line":96,"column":43},"end":{"line":96,"column":74}}},"11":{"name":"(anonymous_11)","line":108,"loc":{"start":{"line":108,"column":56},"end":{"line":108,"column":68}}},"12":{"name":"(anonymous_12)","line":110,"loc":{"start":{"line":110,"column":15},"end":{"line":110,"column":27}}},"13":{"name":"(anonymous_13)","line":124,"loc":{"start":{"line":124,"column":41},"end":{"line":124,"column":65}}}},"statementMap":{"1":{"start":{"line":1,"column":0},"end":{"line":1,"column":17}},"2":{"start":{"line":2,"column":0},"end":{"line":133,"column":5}},"3":{"start":{"line":3,"column":4},"end":{"line":5,"column":5}},"4":{"start":{"line":7,"column":4},"end":{"line":21,"column":6}},"5":{"start":{"line":8,"column":8},"end":{"line":10,"column":25}},"6":{"start":{"line":12,"column":8},"end":{"line":12,"column":71}},"7":{"start":{"line":14,"column":8},"end":{"line":17,"column":9}},"8":{"start":{"line":15,"column":12},"end":{"line":15,"column":63}},"9":{"start":{"line":16,"column":12},"end":{"line":16,"column":60}},"10":{"start":{"line":19,"column":8},"end":{"line":19,"column":59}},"11":{"start":{"line":20,"column":8},"end":{"line":20,"column":70}},"12":{"start":{"line":23,"column":4},"end":{"line":35,"column":6}},"13":{"start":{"line":24,"column":8},"end":{"line":24,"column":24}},"14":{"start":{"line":25,"column":8},"end":{"line":27,"column":9}},"15":{"start":{"line":26,"column":12},"end":{"line":26,"column":26}},"16":{"start":{"line":28,"column":8},"end":{"line":30,"column":9}},"17":{"start":{"line":29,"column":12},"end":{"line":29,"column":26}},"18":{"start":{"line":31,"column":8},"end":{"line":33,"column":9}},"19":{"start":{"line":32,"column":12},"end":{"line":32,"column":26}},"20":{"start":{"line":34,"column":8},"end":{"line":34,"column":35}},"21":{"start":{"line":37,"column":4},"end":{"line":56,"column":6}},"22":{"start":{"line":38,"column":8},"end":{"line":40,"column":9}},"23":{"start":{"line":39,"column":12},"end":{"line":39,"column":52}},"24":{"start":{"line":41,"column":8},"end":{"line":43,"column":9}},"25":{"start":{"line":42,"column":12},"end":{"line":42,"column":22}},"26":{"start":{"line":45,"column":8},"end":{"line":45,"column":45}},"27":{"start":{"line":46,"column":8},"end":{"line":55,"column":9}},"28":{"start":{"line":48,"column":16},"end":{"line":48,"column":26}},"29":{"start":{"line":50,"column":16},"end":{"line":50,"column":64}},"30":{"start":{"line":52,"column":16},"end":{"line":54,"column":41}},"31":{"start":{"line":53,"column":20},"end":{"line":53,"column":55}},"32":{"start":{"line":58,"column":4},"end":{"line":71,"column":6}},"33":{"start":{"line":59,"column":8},"end":{"line":61,"column":9}},"34":{"start":{"line":60,"column":12},"end":{"line":60,"column":52}},"35":{"start":{"line":62,"column":8},"end":{"line":62,"column":49}},"36":{"start":{"line":63,"column":8},"end":{"line":70,"column":9}},"37":{"start":{"line":65,"column":16},"end":{"line":65,"column":26}},"38":{"start":{"line":67,"column":16},"end":{"line":67,"column":56}},"39":{"start":{"line":69,"column":16},"end":{"line":69,"column":74}},"40":{"start":{"line":73,"column":4},"end":{"line":94,"column":6}},"41":{"start":{"line":74,"column":8},"end":{"line":76,"column":9}},"42":{"start":{"line":75,"column":12},"end":{"line":75,"column":52}},"43":{"start":{"line":77,"column":8},"end":{"line":79,"column":9}},"44":{"start":{"line":78,"column":12},"end":{"line":78,"column":44}},"45":{"start":{"line":80,"column":8},"end":{"line":82,"column":9}},"46":{"start":{"line":81,"column":12},"end":{"line":81,"column":22}},"47":{"start":{"line":84,"column":8},"end":{"line":84,"column":53}},"48":{"start":{"line":85,"column":8},"end":{"line":87,"column":19}},"49":{"start":{"line":86,"column":12},"end":{"line":86,"column":37}},"50":{"start":{"line":89,"column":8},"end":{"line":93,"column":9}},"51":{"start":{"line":90,"column":12},"end":{"line":90,"column":62}},"52":{"start":{"line":92,"column":12},"end":{"line":92,"column":22}},"53":{"start":{"line":96,"column":4},"end":{"line":122,"column":6}},"54":{"start":{"line":97,"column":8},"end":{"line":99,"column":9}},"55":{"start":{"line":98,"column":12},"end":{"line":98,"column":52}},"56":{"start":{"line":100,"column":8},"end":{"line":102,"column":9}},"57":{"start":{"line":101,"column":12},"end":{"line":101,"column":44}},"58":{"start":{"line":103,"column":8},"end":{"line":105,"column":9}},"59":{"start":{"line":104,"column":12},"end":{"line":104,"column":22}},"60":{"start":{"line":107,"column":8},"end":{"line":107,"column":47}},"61":{"start":{"line":108,"column":8},"end":{"line":112,"column":11}},"62":{"start":{"line":109,"column":12},"end":{"line":109,"column":37}},"63":{"start":{"line":111,"column":12},"end":{"line":111,"column":29}},"64":{"start":{"line":113,"column":8},"end":{"line":121,"column":9}},"65":{"start":{"line":114,"column":12},"end":{"line":118,"column":13}},"66":{"start":{"line":115,"column":16},"end":{"line":115,"column":50}},"67":{"start":{"line":117,"column":16},"end":{"line":117,"column":60}},"68":{"start":{"line":120,"column":12},"end":{"line":120,"column":22}},"69":{"start":{"line":124,"column":4},"end":{"line":129,"column":6}},"70":{"start":{"line":125,"column":8},"end":{"line":127,"column":9}},"71":{"start":{"line":126,"column":12},"end":{"line":126,"column":52}},"72":{"start":{"line":128,"column":8},"end":{"line":128,"column":70}},"73":{"start":{"line":132,"column":4},"end":{"line":132,"column":24}},"74":{"start":{"line":135,"column":0},"end":{"line":135,"column":30}}},"branchMap":{"1":{"line":25,"type":"if","locations":[{"start":{"line":25,"column":8},"end":{"line":25,"column":8}},{"start":{"line":25,"column":8},"end":{"line":25,"column":8}}]},"2":{"line":28,"type":"if","locations":[{"start":{"line":28,"column":8},"end":{"line":28,"column":8}},{"start":{"line":28,"column":8},"end":{"line":28,"column":8}}]},"3":{"line":31,"type":"if","locations":[{"start":{"line":31,"column":8},"end":{"line":31,"column":8}},{"start":{"line":31,"column":8},"end":{"line":31,"column":8}}]},"4":{"line":34,"type":"binary-expr","locations":[{"start":{"line":34,"column":15},"end":{"line":34,"column":21}},{"start":{"line":34,"column":25},"end":{"line":34,"column":34}}]},"5":{"line":38,"type":"if","locations":[{"start":{"line":38,"column":8},"end":{"line":38,"column":8}},{"start":{"line":38,"column":8},"end":{"line":38,"column":8}}]},"6":{"line":41,"type":"if","locations":[{"start":{"line":41,"column":8},"end":{"line":41,"column":8}},{"start":{"line":41,"column":8},"end":{"line":41,"column":8}}]},"7":{"line":46,"type":"switch","locations":[{"start":{"line":47,"column":12},"end":{"line":48,"column":26}},{"start":{"line":49,"column":12},"end":{"line":50,"column":64}},{"start":{"line":51,"column":12},"end":{"line":54,"column":41}}]},"8":{"line":59,"type":"if","locations":[{"start":{"line":59,"column":8},"end":{"line":59,"column":8}},{"start":{"line":59,"column":8},"end":{"line":59,"column":8}}]},"9":{"line":62,"type":"binary-expr","locations":[{"start":{"line":62,"column":20},"end":{"line":62,"column":42}},{"start":{"line":62,"column":46},"end":{"line":62,"column":48}}]},"10":{"line":63,"type":"switch","locations":[{"start":{"line":64,"column":12},"end":{"line":65,"column":26}},{"start":{"line":66,"column":12},"end":{"line":67,"column":56}},{"start":{"line":68,"column":12},"end":{"line":69,"column":74}}]},"11":{"line":74,"type":"if","locations":[{"start":{"line":74,"column":8},"end":{"line":74,"column":8}},{"start":{"line":74,"column":8},"end":{"line":74,"column":8}}]},"12":{"line":77,"type":"if","locations":[{"start":{"line":77,"column":8},"end":{"line":77,"column":8}},{"start":{"line":77,"column":8},"end":{"line":77,"column":8}}]},"13":{"line":80,"type":"if","locations":[{"start":{"line":80,"column":8},"end":{"line":80,"column":8}},{"start":{"line":80,"column":8},"end":{"line":80,"column":8}}]},"14":{"line":89,"type":"if","locations":[{"start":{"line":89,"column":8},"end":{"line":89,"column":8}},{"start":{"line":89,"column":8},"end":{"line":89,"column":8}}]},"15":{"line":97,"type":"if","locations":[{"start":{"line":97,"column":8},"end":{"line":97,"column":8}},{"start":{"line":97,"column":8},"end":{"line":97,"column":8}}]},"16":{"line":100,"type":"if","locations":[{"start":{"line":100,"column":8},"end":{"line":100,"column":8}},{"start":{"line":100,"column":8},"end":{"line":100,"column":8}}]},"17":{"line":103,"type":"if","locations":[{"start":{"line":103,"column":8},"end":{"line":103,"column":8}},{"start":{"line":103,"column":8},"end":{"line":103,"column":8}}]},"18":{"line":113,"type":"if","locations":[{"start":{"line":113,"column":8},"end":{"line":113,"column":8}},{"start":{"line":113,"column":8},"end":{"line":113,"column":8}}]},"19":{"line":114,"type":"if","locations":[{"start":{"line":114,"column":12},"end":{"line":114,"column":12}},{"start":{"line":114,"column":12},"end":{"line":114,"column":12}}]},"20":{"line":125,"type":"if","locations":[{"start":{"line":125,"column":8},"end":{"line":125,"column":8}},{"start":{"line":125,"column":8},"end":{"line":125,"column":8}}]}}}}