{"/home/filimon/Programming/JsToRegex/JsToRegex.js":{"path":"/home/filimon/Programming/JsToRegex/JsToRegex.js","s":{"1":1,"2":1,"3":1,"4":1,"5":1,"6":43,"7":1,"8":43,"9":43,"10":43,"11":1,"12":1,"13":1,"14":7,"15":7,"16":1,"17":2,"18":2,"19":1,"20":1,"21":1,"22":8,"23":1,"24":111,"25":1,"26":110,"27":108,"28":1,"29":81,"30":1,"31":80,"32":80,"33":1,"34":16,"35":1,"36":15,"37":15,"38":1,"39":2,"40":1,"41":1,"42":1,"43":1,"44":9,"45":1,"46":8,"47":8,"48":1,"49":7,"50":1,"51":6,"52":2,"53":2,"54":1,"55":1,"56":1,"57":1,"58":1,"59":1,"60":1,"61":5,"62":1,"63":9,"64":1,"65":8,"66":1,"67":1,"68":1,"69":1,"70":1,"71":1,"72":1,"73":1,"74":1,"75":1,"76":1,"77":1,"78":1,"79":1,"80":1,"81":1,"82":1,"83":1,"84":1,"85":1,"86":7,"87":1,"88":13,"89":1,"90":112,"91":560,"92":2,"93":110,"94":110,"95":1,"96":81,"97":81,"98":1,"99":9,"100":9,"101":1,"102":16,"103":16,"104":15,"105":16,"106":1,"107":1,"108":1,"109":1,"110":1,"111":1,"112":1},"b":{"1":[1,1],"2":[1,110],"3":[1,80],"4":[1,15],"5":[1,1],"6":[1,8],"7":[1,6],"8":[2,1,1,1,1],"9":[1,8],"10":[1,1,1,1,1,1,1,1],"11":[2,110],"12":[560,448],"13":[15,1],"14":[1,0]},"f":{"1":1,"2":43,"3":43,"4":7,"5":2,"6":8,"7":111,"8":81,"9":16,"10":2,"11":9,"12":7,"13":9,"14":13,"15":112,"16":560,"17":81,"18":9,"19":16,"20":1},"fnMap":{"1":{"name":"(anonymous_1)","line":6,"loc":{"start":{"line":6,"column":13},"end":{"line":6,"column":24}}},"2":{"name":"JsToRegex","line":10,"loc":{"start":{"line":10,"column":4},"end":{"line":10,"column":25}}},"3":{"name":"(anonymous_3)","line":15,"loc":{"start":{"line":15,"column":23},"end":{"line":15,"column":44}}},"4":{"name":"(anonymous_4)","line":44,"loc":{"start":{"line":44,"column":34},"end":{"line":44,"column":45}}},"5":{"name":"(anonymous_5)","line":51,"loc":{"start":{"line":51,"column":35},"end":{"line":51,"column":46}}},"6":{"name":"(anonymous_6)","line":62,"loc":{"start":{"line":62,"column":34},"end":{"line":62,"column":45}}},"7":{"name":"(anonymous_7)","line":66,"loc":{"start":{"line":66,"column":37},"end":{"line":66,"column":61}}},"8":{"name":"(anonymous_8)","line":74,"loc":{"start":{"line":74,"column":35},"end":{"line":74,"column":59}}},"9":{"name":"(anonymous_9)","line":82,"loc":{"start":{"line":82,"column":29},"end":{"line":82,"column":53}}},"10":{"name":"(anonymous_10)","line":90,"loc":{"start":{"line":90,"column":32},"end":{"line":90,"column":56}}},"11":{"name":"(anonymous_11)","line":98,"loc":{"start":{"line":98,"column":32},"end":{"line":98,"column":56}}},"12":{"name":"(anonymous_12)","line":106,"loc":{"start":{"line":106,"column":29},"end":{"line":106,"column":53}}},"13":{"name":"(anonymous_13)","line":120,"loc":{"start":{"line":120,"column":32},"end":{"line":120,"column":48}}},"14":{"name":"(anonymous_14)","line":157,"loc":{"start":{"line":157,"column":40},"end":{"line":157,"column":51}}},"15":{"name":"startsWith","line":161,"loc":{"start":{"line":161,"column":4},"end":{"line":161,"column":45}}},"16":{"name":"(anonymous_16)","line":162,"loc":{"start":{"line":162,"column":58},"end":{"line":162,"column":70}}},"17":{"name":"endsWith","line":174,"loc":{"start":{"line":174,"column":4},"end":{"line":174,"column":43}}},"18":{"name":"match","line":181,"loc":{"start":{"line":181,"column":4},"end":{"line":181,"column":54}}},"19":{"name":"is","line":189,"loc":{"start":{"line":189,"column":4},"end":{"line":189,"column":51}}},"20":{"name":"isAny","line":200,"loc":{"start":{"line":200,"column":4},"end":{"line":200,"column":54}}}},"statementMap":{"1":{"start":{"line":1,"column":0},"end":{"line":2,"column":17}},"2":{"start":{"line":4,"column":0},"end":{"line":4,"column":41}},"3":{"start":{"line":6,"column":0},"end":{"line":211,"column":5}},"4":{"start":{"line":7,"column":4},"end":{"line":8,"column":42}},"5":{"start":{"line":10,"column":4},"end":{"line":12,"column":5}},"6":{"start":{"line":11,"column":8},"end":{"line":11,"column":61}},"7":{"start":{"line":15,"column":4},"end":{"line":33,"column":6}},"8":{"start":{"line":16,"column":8},"end":{"line":16,"column":42}},"9":{"start":{"line":17,"column":8},"end":{"line":31,"column":10}},"10":{"start":{"line":32,"column":8},"end":{"line":32,"column":27}},"11":{"start":{"line":35,"column":4},"end":{"line":35,"column":25}},"12":{"start":{"line":36,"column":4},"end":{"line":40,"column":6}},"13":{"start":{"line":44,"column":4},"end":{"line":49,"column":6}},"14":{"start":{"line":45,"column":8},"end":{"line":47,"column":44}},"15":{"start":{"line":48,"column":8},"end":{"line":48,"column":22}},"16":{"start":{"line":51,"column":4},"end":{"line":60,"column":6}},"17":{"start":{"line":52,"column":8},"end":{"line":54,"column":44}},"18":{"start":{"line":55,"column":8},"end":{"line":59,"column":9}},"19":{"start":{"line":56,"column":12},"end":{"line":56,"column":22}},"20":{"start":{"line":58,"column":12},"end":{"line":58,"column":35}},"21":{"start":{"line":62,"column":4},"end":{"line":64,"column":6}},"22":{"start":{"line":63,"column":8},"end":{"line":63,"column":63}},"23":{"start":{"line":66,"column":4},"end":{"line":72,"column":6}},"24":{"start":{"line":67,"column":8},"end":{"line":69,"column":9}},"25":{"start":{"line":68,"column":12},"end":{"line":68,"column":52}},"26":{"start":{"line":70,"column":8},"end":{"line":70,"column":45}},"27":{"start":{"line":71,"column":8},"end":{"line":71,"column":20}},"28":{"start":{"line":74,"column":4},"end":{"line":80,"column":6}},"29":{"start":{"line":75,"column":8},"end":{"line":77,"column":9}},"30":{"start":{"line":76,"column":12},"end":{"line":76,"column":52}},"31":{"start":{"line":78,"column":8},"end":{"line":78,"column":43}},"32":{"start":{"line":79,"column":8},"end":{"line":79,"column":20}},"33":{"start":{"line":82,"column":4},"end":{"line":88,"column":6}},"34":{"start":{"line":83,"column":8},"end":{"line":85,"column":9}},"35":{"start":{"line":84,"column":12},"end":{"line":84,"column":52}},"36":{"start":{"line":86,"column":8},"end":{"line":86,"column":44}},"37":{"start":{"line":87,"column":8},"end":{"line":87,"column":20}},"38":{"start":{"line":90,"column":4},"end":{"line":96,"column":6}},"39":{"start":{"line":91,"column":8},"end":{"line":93,"column":9}},"40":{"start":{"line":92,"column":12},"end":{"line":92,"column":52}},"41":{"start":{"line":94,"column":8},"end":{"line":94,"column":47}},"42":{"start":{"line":95,"column":8},"end":{"line":95,"column":20}},"43":{"start":{"line":98,"column":4},"end":{"line":104,"column":6}},"44":{"start":{"line":99,"column":8},"end":{"line":101,"column":9}},"45":{"start":{"line":100,"column":12},"end":{"line":100,"column":52}},"46":{"start":{"line":102,"column":8},"end":{"line":102,"column":47}},"47":{"start":{"line":103,"column":8},"end":{"line":103,"column":20}},"48":{"start":{"line":106,"column":4},"end":{"line":118,"column":6}},"49":{"start":{"line":107,"column":8},"end":{"line":109,"column":9}},"50":{"start":{"line":108,"column":12},"end":{"line":108,"column":52}},"51":{"start":{"line":110,"column":8},"end":{"line":116,"column":9}},"52":{"start":{"line":111,"column":31},"end":{"line":111,"column":68}},"53":{"start":{"line":111,"column":69},"end":{"line":111,"column":75}},"54":{"start":{"line":112,"column":29},"end":{"line":112,"column":64}},"55":{"start":{"line":112,"column":65},"end":{"line":112,"column":71}},"56":{"start":{"line":113,"column":26},"end":{"line":113,"column":64}},"57":{"start":{"line":113,"column":65},"end":{"line":113,"column":71}},"58":{"start":{"line":114,"column":23},"end":{"line":114,"column":58}},"59":{"start":{"line":114,"column":59},"end":{"line":114,"column":65}},"60":{"start":{"line":115,"column":21},"end":{"line":115,"column":94}},"61":{"start":{"line":117,"column":8},"end":{"line":117,"column":20}},"62":{"start":{"line":120,"column":4},"end":{"line":155,"column":6}},"63":{"start":{"line":121,"column":8},"end":{"line":123,"column":9}},"64":{"start":{"line":122,"column":12},"end":{"line":122,"column":44}},"65":{"start":{"line":124,"column":8},"end":{"line":153,"column":9}},"66":{"start":{"line":126,"column":16},"end":{"line":126,"column":53}},"67":{"start":{"line":127,"column":16},"end":{"line":127,"column":22}},"68":{"start":{"line":129,"column":16},"end":{"line":129,"column":57}},"69":{"start":{"line":130,"column":16},"end":{"line":130,"column":22}},"70":{"start":{"line":132,"column":16},"end":{"line":132,"column":53}},"71":{"start":{"line":133,"column":16},"end":{"line":133,"column":57}},"72":{"start":{"line":134,"column":16},"end":{"line":134,"column":22}},"73":{"start":{"line":136,"column":16},"end":{"line":136,"column":56}},"74":{"start":{"line":137,"column":16},"end":{"line":137,"column":22}},"75":{"start":{"line":139,"column":16},"end":{"line":139,"column":53}},"76":{"start":{"line":140,"column":16},"end":{"line":140,"column":56}},"77":{"start":{"line":141,"column":16},"end":{"line":141,"column":22}},"78":{"start":{"line":143,"column":16},"end":{"line":143,"column":57}},"79":{"start":{"line":144,"column":16},"end":{"line":144,"column":56}},"80":{"start":{"line":145,"column":16},"end":{"line":145,"column":22}},"81":{"start":{"line":147,"column":16},"end":{"line":147,"column":53}},"82":{"start":{"line":148,"column":16},"end":{"line":148,"column":57}},"83":{"start":{"line":149,"column":16},"end":{"line":149,"column":56}},"84":{"start":{"line":150,"column":16},"end":{"line":150,"column":22}},"85":{"start":{"line":152,"column":16},"end":{"line":152,"column":54}},"86":{"start":{"line":154,"column":8},"end":{"line":154,"column":20}},"87":{"start":{"line":157,"column":4},"end":{"line":161,"column":4}},"88":{"start":{"line":158,"column":8},"end":{"line":158,"column":46}},"89":{"start":{"line":161,"column":4},"end":{"line":172,"column":5}},"90":{"start":{"line":162,"column":8},"end":{"line":166,"column":9}},"91":{"start":{"line":163,"column":16},"end":{"line":163,"column":81}},"92":{"start":{"line":165,"column":12},"end":{"line":165,"column":101}},"93":{"start":{"line":168,"column":8},"end":{"line":170,"column":11}},"94":{"start":{"line":171,"column":8},"end":{"line":171,"column":54}},"95":{"start":{"line":174,"column":4},"end":{"line":179,"column":5}},"96":{"start":{"line":175,"column":8},"end":{"line":177,"column":11}},"97":{"start":{"line":178,"column":8},"end":{"line":178,"column":52}},"98":{"start":{"line":181,"column":4},"end":{"line":187,"column":5}},"99":{"start":{"line":182,"column":8},"end":{"line":185,"column":11}},"100":{"start":{"line":186,"column":8},"end":{"line":186,"column":49}},"101":{"start":{"line":189,"column":4},"end":{"line":198,"column":5}},"102":{"start":{"line":190,"column":8},"end":{"line":193,"column":11}},"103":{"start":{"line":194,"column":8},"end":{"line":196,"column":9}},"104":{"start":{"line":195,"column":12},"end":{"line":195,"column":45}},"105":{"start":{"line":197,"column":8},"end":{"line":197,"column":46}},"106":{"start":{"line":200,"column":4},"end":{"line":209,"column":5}},"107":{"start":{"line":201,"column":8},"end":{"line":204,"column":11}},"108":{"start":{"line":205,"column":8},"end":{"line":207,"column":9}},"109":{"start":{"line":206,"column":12},"end":{"line":206,"column":45}},"110":{"start":{"line":208,"column":8},"end":{"line":208,"column":49}},"111":{"start":{"line":210,"column":4},"end":{"line":210,"column":21}},"112":{"start":{"line":213,"column":0},"end":{"line":213,"column":27}}},"branchMap":{"1":{"line":55,"type":"if","locations":[{"start":{"line":55,"column":8},"end":{"line":55,"column":8}},{"start":{"line":55,"column":8},"end":{"line":55,"column":8}}]},"2":{"line":67,"type":"if","locations":[{"start":{"line":67,"column":8},"end":{"line":67,"column":8}},{"start":{"line":67,"column":8},"end":{"line":67,"column":8}}]},"3":{"line":75,"type":"if","locations":[{"start":{"line":75,"column":8},"end":{"line":75,"column":8}},{"start":{"line":75,"column":8},"end":{"line":75,"column":8}}]},"4":{"line":83,"type":"if","locations":[{"start":{"line":83,"column":8},"end":{"line":83,"column":8}},{"start":{"line":83,"column":8},"end":{"line":83,"column":8}}]},"5":{"line":91,"type":"if","locations":[{"start":{"line":91,"column":8},"end":{"line":91,"column":8}},{"start":{"line":91,"column":8},"end":{"line":91,"column":8}}]},"6":{"line":99,"type":"if","locations":[{"start":{"line":99,"column":8},"end":{"line":99,"column":8}},{"start":{"line":99,"column":8},"end":{"line":99,"column":8}}]},"7":{"line":107,"type":"if","locations":[{"start":{"line":107,"column":8},"end":{"line":107,"column":8}},{"start":{"line":107,"column":8},"end":{"line":107,"column":8}}]},"8":{"line":110,"type":"switch","locations":[{"start":{"line":111,"column":12},"end":{"line":111,"column":75}},{"start":{"line":112,"column":12},"end":{"line":112,"column":71}},{"start":{"line":113,"column":12},"end":{"line":113,"column":71}},{"start":{"line":114,"column":12},"end":{"line":114,"column":65}},{"start":{"line":115,"column":12},"end":{"line":115,"column":94}}]},"9":{"line":121,"type":"if","locations":[{"start":{"line":121,"column":8},"end":{"line":121,"column":8}},{"start":{"line":121,"column":8},"end":{"line":121,"column":8}}]},"10":{"line":124,"type":"switch","locations":[{"start":{"line":125,"column":12},"end":{"line":127,"column":22}},{"start":{"line":128,"column":12},"end":{"line":130,"column":22}},{"start":{"line":131,"column":12},"end":{"line":134,"column":22}},{"start":{"line":135,"column":12},"end":{"line":137,"column":22}},{"start":{"line":138,"column":12},"end":{"line":141,"column":22}},{"start":{"line":142,"column":12},"end":{"line":145,"column":22}},{"start":{"line":146,"column":12},"end":{"line":150,"column":22}},{"start":{"line":151,"column":12},"end":{"line":152,"column":54}}]},"11":{"line":162,"type":"if","locations":[{"start":{"line":162,"column":8},"end":{"line":162,"column":8}},{"start":{"line":162,"column":8},"end":{"line":162,"column":8}}]},"12":{"line":163,"type":"binary-expr","locations":[{"start":{"line":163,"column":23},"end":{"line":163,"column":41}},{"start":{"line":163,"column":45},"end":{"line":163,"column":80}}]},"13":{"line":194,"type":"if","locations":[{"start":{"line":194,"column":8},"end":{"line":194,"column":8}},{"start":{"line":194,"column":8},"end":{"line":194,"column":8}}]},"14":{"line":205,"type":"if","locations":[{"start":{"line":205,"column":8},"end":{"line":205,"column":8}},{"start":{"line":205,"column":8},"end":{"line":205,"column":8}}]}}},"/home/filimon/Programming/JsToRegex/RegexBuilder.js":{"path":"/home/filimon/Programming/JsToRegex/RegexBuilder.js","s":{"1":1,"2":1,"3":1,"4":1,"5":17,"6":17,"7":17,"8":15,"9":15,"10":17,"11":17,"12":1,"13":17,"14":17,"15":4,"16":17,"17":4,"18":17,"19":4,"20":17,"21":1,"22":21,"23":1,"24":20,"25":1,"26":19,"27":19,"28":13,"29":4,"30":2,"31":4,"32":1,"33":21,"34":1,"35":20,"36":1,"37":19,"38":15,"39":3,"40":1,"41":2,"42":1,"43":20,"44":1,"45":19,"46":1,"47":18,"48":1,"49":17,"50":17,"51":9,"52":7,"53":17,"54":5,"55":4,"56":1,"57":12,"58":1,"59":20,"60":1,"61":19,"62":1,"63":18,"64":1,"65":17,"66":17,"67":20,"68":16,"69":17,"70":14,"71":13,"72":1,"73":3,"74":1,"75":29,"76":1,"77":28,"78":1,"79":1},"b":{"1":[4,13],"2":[4,13],"3":[4,13],"4":[17,10],"5":[1,20],"6":[1,19],"7":[13,4,2],"8":[1,20],"9":[1,19],"10":[15,3,1],"11":[1,19],"12":[1,18],"13":[1,17],"14":[5,12],"15":[4,1],"16":[1,19],"17":[1,18],"18":[1,17],"19":[14,3],"20":[13,1],"21":[1,28]},"f":{"1":1,"2":2,"3":17,"4":17,"5":21,"6":4,"7":21,"8":2,"9":20,"10":9,"11":7,"12":20,"13":20,"14":16,"15":29},"fnMap":{"1":{"name":"(anonymous_1)","line":2,"loc":{"start":{"line":2,"column":16},"end":{"line":2,"column":27}}},"2":{"name":"RegexBuilder","line":3,"loc":{"start":{"line":3,"column":4},"end":{"line":3,"column":28}}},"3":{"name":"(anonymous_3)","line":7,"loc":{"start":{"line":7,"column":40},"end":{"line":7,"column":61}}},"4":{"name":"(anonymous_4)","line":23,"loc":{"start":{"line":23,"column":46},"end":{"line":23,"column":70}}},"5":{"name":"(anonymous_5)","line":37,"loc":{"start":{"line":37,"column":51},"end":{"line":37,"column":75}}},"6":{"name":"(anonymous_6)","line":52,"loc":{"start":{"line":52,"column":42},"end":{"line":52,"column":54}}},"7":{"name":"(anonymous_7)","line":58,"loc":{"start":{"line":58,"column":49},"end":{"line":58,"column":73}}},"8":{"name":"(anonymous_8)","line":71,"loc":{"start":{"line":71,"column":58},"end":{"line":71,"column":70}}},"9":{"name":"(anonymous_9)","line":77,"loc":{"start":{"line":77,"column":46},"end":{"line":77,"column":77}}},"10":{"name":"(anonymous_10)","line":89,"loc":{"start":{"line":89,"column":63},"end":{"line":89,"column":75}}},"11":{"name":"(anonymous_11)","line":91,"loc":{"start":{"line":91,"column":15},"end":{"line":91,"column":27}}},"12":{"name":"(anonymous_12)","line":106,"loc":{"start":{"line":106,"column":43},"end":{"line":106,"column":74}}},"13":{"name":"(anonymous_13)","line":118,"loc":{"start":{"line":118,"column":56},"end":{"line":118,"column":68}}},"14":{"name":"(anonymous_14)","line":120,"loc":{"start":{"line":120,"column":15},"end":{"line":120,"column":27}}},"15":{"name":"(anonymous_15)","line":134,"loc":{"start":{"line":134,"column":41},"end":{"line":134,"column":65}}}},"statementMap":{"1":{"start":{"line":1,"column":0},"end":{"line":1,"column":17}},"2":{"start":{"line":2,"column":0},"end":{"line":143,"column":5}},"3":{"start":{"line":3,"column":4},"end":{"line":5,"column":5}},"4":{"start":{"line":7,"column":4},"end":{"line":21,"column":6}},"5":{"start":{"line":8,"column":8},"end":{"line":10,"column":25}},"6":{"start":{"line":12,"column":8},"end":{"line":12,"column":71}},"7":{"start":{"line":14,"column":8},"end":{"line":17,"column":9}},"8":{"start":{"line":15,"column":12},"end":{"line":15,"column":63}},"9":{"start":{"line":16,"column":12},"end":{"line":16,"column":60}},"10":{"start":{"line":19,"column":8},"end":{"line":19,"column":59}},"11":{"start":{"line":20,"column":8},"end":{"line":20,"column":70}},"12":{"start":{"line":23,"column":4},"end":{"line":35,"column":6}},"13":{"start":{"line":24,"column":8},"end":{"line":24,"column":24}},"14":{"start":{"line":25,"column":8},"end":{"line":27,"column":9}},"15":{"start":{"line":26,"column":12},"end":{"line":26,"column":26}},"16":{"start":{"line":28,"column":8},"end":{"line":30,"column":9}},"17":{"start":{"line":29,"column":12},"end":{"line":29,"column":26}},"18":{"start":{"line":31,"column":8},"end":{"line":33,"column":9}},"19":{"start":{"line":32,"column":12},"end":{"line":32,"column":26}},"20":{"start":{"line":34,"column":8},"end":{"line":34,"column":35}},"21":{"start":{"line":37,"column":4},"end":{"line":56,"column":6}},"22":{"start":{"line":38,"column":8},"end":{"line":40,"column":9}},"23":{"start":{"line":39,"column":12},"end":{"line":39,"column":52}},"24":{"start":{"line":41,"column":8},"end":{"line":43,"column":9}},"25":{"start":{"line":42,"column":12},"end":{"line":42,"column":22}},"26":{"start":{"line":45,"column":8},"end":{"line":45,"column":45}},"27":{"start":{"line":46,"column":8},"end":{"line":55,"column":9}},"28":{"start":{"line":48,"column":16},"end":{"line":48,"column":26}},"29":{"start":{"line":50,"column":16},"end":{"line":50,"column":64}},"30":{"start":{"line":52,"column":16},"end":{"line":54,"column":41}},"31":{"start":{"line":53,"column":20},"end":{"line":53,"column":55}},"32":{"start":{"line":58,"column":4},"end":{"line":75,"column":6}},"33":{"start":{"line":59,"column":8},"end":{"line":61,"column":9}},"34":{"start":{"line":60,"column":12},"end":{"line":60,"column":52}},"35":{"start":{"line":62,"column":8},"end":{"line":64,"column":9}},"36":{"start":{"line":63,"column":12},"end":{"line":63,"column":22}},"37":{"start":{"line":65,"column":8},"end":{"line":74,"column":9}},"38":{"start":{"line":67,"column":16},"end":{"line":67,"column":26}},"39":{"start":{"line":69,"column":16},"end":{"line":69,"column":81}},"40":{"start":{"line":71,"column":16},"end":{"line":73,"column":42}},"41":{"start":{"line":72,"column":20},"end":{"line":72,"column":55}},"42":{"start":{"line":77,"column":4},"end":{"line":104,"column":6}},"43":{"start":{"line":78,"column":8},"end":{"line":80,"column":9}},"44":{"start":{"line":79,"column":12},"end":{"line":79,"column":52}},"45":{"start":{"line":81,"column":8},"end":{"line":83,"column":9}},"46":{"start":{"line":82,"column":12},"end":{"line":82,"column":44}},"47":{"start":{"line":84,"column":8},"end":{"line":86,"column":9}},"48":{"start":{"line":85,"column":12},"end":{"line":85,"column":22}},"49":{"start":{"line":88,"column":8},"end":{"line":88,"column":53}},"50":{"start":{"line":89,"column":8},"end":{"line":93,"column":11}},"51":{"start":{"line":90,"column":12},"end":{"line":90,"column":37}},"52":{"start":{"line":92,"column":12},"end":{"line":92,"column":29}},"53":{"start":{"line":95,"column":8},"end":{"line":103,"column":9}},"54":{"start":{"line":96,"column":12},"end":{"line":100,"column":13}},"55":{"start":{"line":97,"column":16},"end":{"line":97,"column":66}},"56":{"start":{"line":99,"column":16},"end":{"line":99,"column":68}},"57":{"start":{"line":102,"column":12},"end":{"line":102,"column":22}},"58":{"start":{"line":106,"column":4},"end":{"line":132,"column":6}},"59":{"start":{"line":107,"column":8},"end":{"line":109,"column":9}},"60":{"start":{"line":108,"column":12},"end":{"line":108,"column":52}},"61":{"start":{"line":110,"column":8},"end":{"line":112,"column":9}},"62":{"start":{"line":111,"column":12},"end":{"line":111,"column":44}},"63":{"start":{"line":113,"column":8},"end":{"line":115,"column":9}},"64":{"start":{"line":114,"column":12},"end":{"line":114,"column":22}},"65":{"start":{"line":117,"column":8},"end":{"line":117,"column":47}},"66":{"start":{"line":118,"column":8},"end":{"line":122,"column":11}},"67":{"start":{"line":119,"column":12},"end":{"line":119,"column":37}},"68":{"start":{"line":121,"column":12},"end":{"line":121,"column":29}},"69":{"start":{"line":123,"column":8},"end":{"line":131,"column":9}},"70":{"start":{"line":124,"column":12},"end":{"line":128,"column":13}},"71":{"start":{"line":125,"column":16},"end":{"line":125,"column":50}},"72":{"start":{"line":127,"column":16},"end":{"line":127,"column":62}},"73":{"start":{"line":130,"column":12},"end":{"line":130,"column":22}},"74":{"start":{"line":134,"column":4},"end":{"line":139,"column":6}},"75":{"start":{"line":135,"column":8},"end":{"line":137,"column":9}},"76":{"start":{"line":136,"column":12},"end":{"line":136,"column":52}},"77":{"start":{"line":138,"column":8},"end":{"line":138,"column":70}},"78":{"start":{"line":142,"column":4},"end":{"line":142,"column":24}},"79":{"start":{"line":145,"column":0},"end":{"line":145,"column":30}}},"branchMap":{"1":{"line":25,"type":"if","locations":[{"start":{"line":25,"column":8},"end":{"line":25,"column":8}},{"start":{"line":25,"column":8},"end":{"line":25,"column":8}}]},"2":{"line":28,"type":"if","locations":[{"start":{"line":28,"column":8},"end":{"line":28,"column":8}},{"start":{"line":28,"column":8},"end":{"line":28,"column":8}}]},"3":{"line":31,"type":"if","locations":[{"start":{"line":31,"column":8},"end":{"line":31,"column":8}},{"start":{"line":31,"column":8},"end":{"line":31,"column":8}}]},"4":{"line":34,"type":"binary-expr","locations":[{"start":{"line":34,"column":15},"end":{"line":34,"column":21}},{"start":{"line":34,"column":25},"end":{"line":34,"column":34}}]},"5":{"line":38,"type":"if","locations":[{"start":{"line":38,"column":8},"end":{"line":38,"column":8}},{"start":{"line":38,"column":8},"end":{"line":38,"column":8}}]},"6":{"line":41,"type":"if","locations":[{"start":{"line":41,"column":8},"end":{"line":41,"column":8}},{"start":{"line":41,"column":8},"end":{"line":41,"column":8}}]},"7":{"line":46,"type":"switch","locations":[{"start":{"line":47,"column":12},"end":{"line":48,"column":26}},{"start":{"line":49,"column":12},"end":{"line":50,"column":64}},{"start":{"line":51,"column":12},"end":{"line":54,"column":41}}]},"8":{"line":59,"type":"if","locations":[{"start":{"line":59,"column":8},"end":{"line":59,"column":8}},{"start":{"line":59,"column":8},"end":{"line":59,"column":8}}]},"9":{"line":62,"type":"if","locations":[{"start":{"line":62,"column":8},"end":{"line":62,"column":8}},{"start":{"line":62,"column":8},"end":{"line":62,"column":8}}]},"10":{"line":65,"type":"switch","locations":[{"start":{"line":66,"column":12},"end":{"line":67,"column":26}},{"start":{"line":68,"column":12},"end":{"line":69,"column":81}},{"start":{"line":70,"column":12},"end":{"line":73,"column":42}}]},"11":{"line":78,"type":"if","locations":[{"start":{"line":78,"column":8},"end":{"line":78,"column":8}},{"start":{"line":78,"column":8},"end":{"line":78,"column":8}}]},"12":{"line":81,"type":"if","locations":[{"start":{"line":81,"column":8},"end":{"line":81,"column":8}},{"start":{"line":81,"column":8},"end":{"line":81,"column":8}}]},"13":{"line":84,"type":"if","locations":[{"start":{"line":84,"column":8},"end":{"line":84,"column":8}},{"start":{"line":84,"column":8},"end":{"line":84,"column":8}}]},"14":{"line":95,"type":"if","locations":[{"start":{"line":95,"column":8},"end":{"line":95,"column":8}},{"start":{"line":95,"column":8},"end":{"line":95,"column":8}}]},"15":{"line":96,"type":"if","locations":[{"start":{"line":96,"column":12},"end":{"line":96,"column":12}},{"start":{"line":96,"column":12},"end":{"line":96,"column":12}}]},"16":{"line":107,"type":"if","locations":[{"start":{"line":107,"column":8},"end":{"line":107,"column":8}},{"start":{"line":107,"column":8},"end":{"line":107,"column":8}}]},"17":{"line":110,"type":"if","locations":[{"start":{"line":110,"column":8},"end":{"line":110,"column":8}},{"start":{"line":110,"column":8},"end":{"line":110,"column":8}}]},"18":{"line":113,"type":"if","locations":[{"start":{"line":113,"column":8},"end":{"line":113,"column":8}},{"start":{"line":113,"column":8},"end":{"line":113,"column":8}}]},"19":{"line":123,"type":"if","locations":[{"start":{"line":123,"column":8},"end":{"line":123,"column":8}},{"start":{"line":123,"column":8},"end":{"line":123,"column":8}}]},"20":{"line":124,"type":"if","locations":[{"start":{"line":124,"column":12},"end":{"line":124,"column":12}},{"start":{"line":124,"column":12},"end":{"line":124,"column":12}}]},"21":{"line":135,"type":"if","locations":[{"start":{"line":135,"column":8},"end":{"line":135,"column":8}},{"start":{"line":135,"column":8},"end":{"line":135,"column":8}}]}}}}