TN:
SF:/home/filimon/Programming/JsToRegex/JsToRegex.js
FN:6,(anonymous_1)
FN:10,JsToRegex
FN:15,(anonymous_3)
FN:43,(anonymous_4)
FN:50,(anonymous_5)
FN:61,(anonymous_6)
FN:65,(anonymous_7)
FN:73,(anonymous_8)
FN:81,(anonymous_9)
FN:89,(anonymous_10)
FN:97,(anonymous_11)
FN:111,(anonymous_12)
FN:148,startsWith
FN:149,(anonymous_14)
FN:159,endsWith
FN:164,is
FN:175,match
FNF:17
FNH:17
FNDA:1,(anonymous_1)
FNDA:37,JsToRegex
FNDA:37,(anonymous_3)
FNDA:1,(anonymous_4)
FNDA:2,(anonymous_5)
FNDA:20,(anonymous_6)
FNDA:27,(anonymous_7)
FNDA:62,(anonymous_8)
FNDA:15,(anonymous_9)
FNDA:9,(anonymous_10)
FNDA:6,(anonymous_11)
FNDA:9,(anonymous_12)
FNDA:27,startsWith
FNDA:108,(anonymous_14)
FNDA:62,endsWith
FNDA:15,is
FNDA:9,match
DA:1,1
DA:4,1
DA:6,1
DA:7,1
DA:10,1
DA:11,37
DA:15,1
DA:16,37
DA:17,37
DA:31,37
DA:34,1
DA:35,1
DA:43,1
DA:44,1
DA:47,1
DA:50,1
DA:51,2
DA:54,2
DA:55,1
DA:57,1
DA:61,1
DA:62,20
DA:65,1
DA:66,27
DA:67,1
DA:69,26
DA:70,24
DA:73,1
DA:74,62
DA:75,1
DA:77,61
DA:78,61
DA:81,1
DA:82,15
DA:83,1
DA:85,14
DA:86,14
DA:89,1
DA:90,9
DA:91,1
DA:93,8
DA:94,8
DA:97,1
DA:98,6
DA:99,1
DA:101,5
DA:102,1
DA:103,1
DA:104,1
DA:105,1
DA:106,1
DA:108,4
DA:111,1
DA:112,9
DA:113,1
DA:115,8
DA:117,1
DA:118,1
DA:120,1
DA:121,1
DA:123,1
DA:124,1
DA:125,1
DA:127,1
DA:128,1
DA:130,1
DA:131,1
DA:132,1
DA:134,1
DA:135,1
DA:136,1
DA:138,1
DA:139,1
DA:140,1
DA:141,1
DA:143,1
DA:145,7
DA:148,1
DA:149,27
DA:150,108
DA:152,2
DA:155,25
DA:156,25
DA:159,1
DA:160,62
DA:161,62
DA:164,1
DA:165,15
DA:169,15
DA:170,14
DA:172,15
DA:175,1
DA:176,9
DA:180,9
DA:183,1
DA:186,1
LF:96
LH:96
BRDA:54,1,0,1
BRDA:54,1,1,1
BRDA:66,2,0,1
BRDA:66,2,1,26
BRDA:74,3,0,1
BRDA:74,3,1,61
BRDA:82,4,0,1
BRDA:82,4,1,14
BRDA:90,5,0,1
BRDA:90,5,1,8
BRDA:98,6,0,1
BRDA:98,6,1,5
BRDA:101,7,0,1
BRDA:101,7,1,1
BRDA:101,7,2,1
BRDA:101,7,3,1
BRDA:101,7,4,1
BRDA:112,8,0,1
BRDA:112,8,1,8
BRDA:115,9,0,1
BRDA:115,9,1,1
BRDA:115,9,2,1
BRDA:115,9,3,1
BRDA:115,9,4,1
BRDA:115,9,5,1
BRDA:115,9,6,1
BRDA:115,9,7,1
BRDA:149,10,0,2
BRDA:149,10,1,25
BRDA:150,11,0,108
BRDA:150,11,1,81
BRDA:169,12,0,14
BRDA:169,12,1,1
BRF:33
BRH:33
end_of_record
TN:
SF:/home/filimon/Programming/JsToRegex/RegexBuilder.js
FN:2,(anonymous_1)
FN:3,RegexBuilder
FN:7,(anonymous_3)
FN:24,(anonymous_4)
FN:38,(anonymous_5)
FN:56,(anonymous_6)
FN:74,(anonymous_7)
FN:83,(anonymous_8)
FN:94,(anonymous_9)
FN:103,(anonymous_10)
FN:105,(anonymous_11)
FN:119,(anonymous_12)
FNF:12
FNH:12
FNDA:1,(anonymous_1)
FNDA:1,RegexBuilder
FNDA:23,(anonymous_3)
FNDA:23,(anonymous_4)
FNDA:23,(anonymous_5)
FNDA:23,(anonymous_6)
FNDA:18,(anonymous_7)
FNDA:9,(anonymous_8)
FNDA:18,(anonymous_9)
FNDA:18,(anonymous_10)
FNDA:12,(anonymous_11)
FNDA:81,(anonymous_12)
DA:1,1
DA:2,1
DA:3,1
DA:7,1
DA:8,23
DA:12,23
DA:14,23
DA:15,18
DA:16,18
DA:19,23
DA:21,23
DA:24,1
DA:25,23
DA:26,23
DA:27,4
DA:29,23
DA:30,4
DA:32,23
DA:33,4
DA:35,23
DA:38,1
DA:39,23
DA:40,0
DA:42,23
DA:43,0
DA:45,23
DA:46,23
DA:48,19
DA:50,1
DA:52,3
DA:56,1
DA:57,23
DA:58,0
DA:60,23
DA:61,0
DA:63,23
DA:64,23
DA:66,19
DA:68,1
DA:70,3
DA:74,1
DA:75,18
DA:76,0
DA:78,18
DA:79,0
DA:82,18
DA:83,18
DA:84,9
DA:87,18
DA:88,6
DA:90,12
DA:94,1
DA:95,18
DA:96,0
DA:98,18
DA:99,0
DA:102,18
DA:103,18
DA:104,18
DA:106,12
DA:108,18
DA:109,12
DA:110,12
DA:112,0
DA:115,6
DA:119,1
DA:120,81
DA:124,1
DA:127,1
LF:69
LH:60
BRDA:26,1,0,4
BRDA:26,1,1,19
BRDA:29,2,0,4
BRDA:29,2,1,19
BRDA:32,3,0,4
BRDA:32,3,1,19
BRDA:35,4,0,23
BRDA:35,4,1,16
BRDA:39,5,0,0
BRDA:39,5,1,23
BRDA:42,6,0,0
BRDA:42,6,1,23
BRDA:46,7,0,19
BRDA:46,7,1,1
BRDA:46,7,2,3
BRDA:57,8,0,0
BRDA:57,8,1,23
BRDA:60,9,0,0
BRDA:60,9,1,23
BRDA:64,10,0,19
BRDA:64,10,1,1
BRDA:64,10,2,3
BRDA:75,11,0,0
BRDA:75,11,1,18
BRDA:78,12,0,0
BRDA:78,12,1,18
BRDA:82,13,0,18
BRDA:82,13,1,0
BRDA:87,14,0,6
BRDA:87,14,1,12
BRDA:95,15,0,0
BRDA:95,15,1,18
BRDA:98,16,0,0
BRDA:98,16,1,18
BRDA:102,17,0,18
BRDA:102,17,1,0
BRDA:108,18,0,12
BRDA:108,18,1,6
BRDA:109,19,0,12
BRDA:109,19,1,0
BRF:40
BRH:29
end_of_record
