TN:
SF:/home/filimon/Programming/JsToRegex/JsToRegex.js
FN:6,(anonymous_1)
FN:10,JsToRegex
FN:15,(anonymous_3)
FN:44,(anonymous_4)
FN:51,(anonymous_5)
FN:62,(anonymous_6)
FN:66,(anonymous_7)
FN:74,(anonymous_8)
FN:82,(anonymous_9)
FN:90,(anonymous_10)
FN:98,(anonymous_11)
FN:106,(anonymous_12)
FN:120,(anonymous_13)
FN:157,(anonymous_14)
FN:161,startsWith
FN:162,(anonymous_16)
FN:174,endsWith
FN:181,match
FN:189,is
FN:200,isAny
FNF:20
FNH:20
FNDA:1,(anonymous_1)
FNDA:43,JsToRegex
FNDA:43,(anonymous_3)
FNDA:7,(anonymous_4)
FNDA:2,(anonymous_5)
FNDA:8,(anonymous_6)
FNDA:111,(anonymous_7)
FNDA:81,(anonymous_8)
FNDA:16,(anonymous_9)
FNDA:2,(anonymous_10)
FNDA:9,(anonymous_11)
FNDA:7,(anonymous_12)
FNDA:9,(anonymous_13)
FNDA:13,(anonymous_14)
FNDA:112,startsWith
FNDA:560,(anonymous_16)
FNDA:81,endsWith
FNDA:9,match
FNDA:16,is
FNDA:1,isAny
DA:1,1
DA:4,1
DA:6,1
DA:7,1
DA:10,1
DA:11,43
DA:15,1
DA:16,43
DA:17,43
DA:32,43
DA:35,1
DA:36,1
DA:44,1
DA:45,7
DA:48,7
DA:51,1
DA:52,2
DA:55,2
DA:56,1
DA:58,1
DA:62,1
DA:63,8
DA:66,1
DA:67,111
DA:68,1
DA:70,110
DA:71,108
DA:74,1
DA:75,81
DA:76,1
DA:78,80
DA:79,80
DA:82,1
DA:83,16
DA:84,1
DA:86,15
DA:87,15
DA:90,1
DA:91,2
DA:92,1
DA:94,1
DA:95,1
DA:98,1
DA:99,9
DA:100,1
DA:102,8
DA:103,8
DA:106,1
DA:107,7
DA:108,1
DA:110,6
DA:111,2
DA:112,1
DA:113,1
DA:114,1
DA:115,1
DA:117,5
DA:120,1
DA:121,9
DA:122,1
DA:124,8
DA:126,1
DA:127,1
DA:129,1
DA:130,1
DA:132,1
DA:133,1
DA:134,1
DA:136,1
DA:137,1
DA:139,1
DA:140,1
DA:141,1
DA:143,1
DA:144,1
DA:145,1
DA:147,1
DA:148,1
DA:149,1
DA:150,1
DA:152,1
DA:154,7
DA:157,1
DA:158,13
DA:161,1
DA:162,112
DA:163,560
DA:165,2
DA:168,110
DA:171,110
DA:174,1
DA:175,81
DA:178,81
DA:181,1
DA:182,9
DA:186,9
DA:189,1
DA:190,16
DA:194,16
DA:195,15
DA:197,16
DA:200,1
DA:201,1
DA:205,1
DA:206,1
DA:208,1
DA:210,1
DA:213,1
LF:108
LH:108
BRDA:55,1,0,1
BRDA:55,1,1,1
BRDA:67,2,0,1
BRDA:67,2,1,110
BRDA:75,3,0,1
BRDA:75,3,1,80
BRDA:83,4,0,1
BRDA:83,4,1,15
BRDA:91,5,0,1
BRDA:91,5,1,1
BRDA:99,6,0,1
BRDA:99,6,1,8
BRDA:107,7,0,1
BRDA:107,7,1,6
BRDA:110,8,0,2
BRDA:110,8,1,1
BRDA:110,8,2,1
BRDA:110,8,3,1
BRDA:110,8,4,1
BRDA:121,9,0,1
BRDA:121,9,1,8
BRDA:124,10,0,1
BRDA:124,10,1,1
BRDA:124,10,2,1
BRDA:124,10,3,1
BRDA:124,10,4,1
BRDA:124,10,5,1
BRDA:124,10,6,1
BRDA:124,10,7,1
BRDA:162,11,0,2
BRDA:162,11,1,110
BRDA:163,12,0,560
BRDA:163,12,1,448
BRDA:194,13,0,15
BRDA:194,13,1,1
BRDA:205,14,0,1
BRDA:205,14,1,0
BRF:37
BRH:36
end_of_record
TN:
SF:/home/filimon/Programming/JsToRegex/RegexBuilder.js
FN:2,(anonymous_1)
FN:3,RegexBuilder
FN:7,(anonymous_3)
FN:23,(anonymous_4)
FN:37,(anonymous_5)
FN:52,(anonymous_6)
FN:58,(anonymous_7)
FN:71,(anonymous_8)
FN:77,(anonymous_9)
FN:89,(anonymous_10)
FN:91,(anonymous_11)
FN:106,(anonymous_12)
FN:118,(anonymous_13)
FN:120,(anonymous_14)
FN:134,(anonymous_15)
FNF:15
FNH:15
FNDA:1,(anonymous_1)
FNDA:2,RegexBuilder
FNDA:17,(anonymous_3)
FNDA:17,(anonymous_4)
FNDA:21,(anonymous_5)
FNDA:4,(anonymous_6)
FNDA:21,(anonymous_7)
FNDA:2,(anonymous_8)
FNDA:20,(anonymous_9)
FNDA:9,(anonymous_10)
FNDA:7,(anonymous_11)
FNDA:20,(anonymous_12)
FNDA:20,(anonymous_13)
FNDA:16,(anonymous_14)
FNDA:29,(anonymous_15)
DA:1,1
DA:2,1
DA:3,1
DA:7,1
DA:8,17
DA:12,17
DA:14,17
DA:15,15
DA:16,15
DA:19,17
DA:20,17
DA:23,1
DA:24,17
DA:25,17
DA:26,4
DA:28,17
DA:29,4
DA:31,17
DA:32,4
DA:34,17
DA:37,1
DA:38,21
DA:39,1
DA:41,20
DA:42,1
DA:45,19
DA:46,19
DA:48,13
DA:50,4
DA:52,2
DA:53,4
DA:58,1
DA:59,21
DA:60,1
DA:62,20
DA:63,1
DA:65,19
DA:67,15
DA:69,3
DA:71,1
DA:72,2
DA:77,1
DA:78,20
DA:79,1
DA:81,19
DA:82,1
DA:84,18
DA:85,1
DA:88,17
DA:89,17
DA:90,9
DA:92,7
DA:95,17
DA:96,5
DA:97,4
DA:99,1
DA:102,12
DA:106,1
DA:107,20
DA:108,1
DA:110,19
DA:111,1
DA:113,18
DA:114,1
DA:117,17
DA:118,17
DA:119,20
DA:121,16
DA:123,17
DA:124,14
DA:125,13
DA:127,1
DA:130,3
DA:134,1
DA:135,29
DA:136,1
DA:138,28
DA:142,1
DA:145,1
LF:79
LH:79
BRDA:25,1,0,4
BRDA:25,1,1,13
BRDA:28,2,0,4
BRDA:28,2,1,13
BRDA:31,3,0,4
BRDA:31,3,1,13
BRDA:34,4,0,17
BRDA:34,4,1,10
BRDA:38,5,0,1
BRDA:38,5,1,20
BRDA:41,6,0,1
BRDA:41,6,1,19
BRDA:46,7,0,13
BRDA:46,7,1,4
BRDA:46,7,2,2
BRDA:59,8,0,1
BRDA:59,8,1,20
BRDA:62,9,0,1
BRDA:62,9,1,19
BRDA:65,10,0,15
BRDA:65,10,1,3
BRDA:65,10,2,1
BRDA:78,11,0,1
BRDA:78,11,1,19
BRDA:81,12,0,1
BRDA:81,12,1,18
BRDA:84,13,0,1
BRDA:84,13,1,17
BRDA:95,14,0,5
BRDA:95,14,1,12
BRDA:96,15,0,4
BRDA:96,15,1,1
BRDA:107,16,0,1
BRDA:107,16,1,19
BRDA:110,17,0,1
BRDA:110,17,1,18
BRDA:113,18,0,1
BRDA:113,18,1,17
BRDA:123,19,0,14
BRDA:123,19,1,3
BRDA:124,20,0,13
BRDA:124,20,1,1
BRDA:135,21,0,1
BRDA:135,21,1,28
BRF:44
BRH:44
end_of_record
